abr. 16, 2025 10:46:02 AM liquibase.changelog
INFO: Reading resource: db/changelog/migrations/db.changelog-202504161032.sql
abr. 16, 2025 10:46:02 AM liquibase.changelog
INFO: Reading resource: db/changelog/migrations/db.changelog-202504161033.sql
abr. 16, 2025 10:46:02 AM liquibase.changelog
INFO: Reading resource: db/changelog/migrations/db.changelog-202504161034.sql
abr. 16, 2025 10:46:02 AM liquibase.changelog
INFO: Reading resource: db/changelog/migrations/db.changelog-202504161035.sql
abr. 16, 2025 10:46:02 AM liquibase.changelog
INFO: Reading resource: db/changelog/migrations/db.changelog-202504161036.sql
abr. 16, 2025 10:46:02 AM liquibase.changelog
INFO: Reading from db_board.databasechangelog
abr. 16, 2025 10:46:02 AM liquibase.lockservice
INFO: Successfully acquired change log lock
abr. 16, 2025 10:46:02 AM liquibase.command
INFO: Using deploymentId: 4811162972
abr. 16, 2025 10:46:02 AM liquibase.changelog
INFO: Reading from db_board.databasechangelog
Running Changeset: db/changelog/migrations/db.changelog-202504161033.sql::202504161033::wprotheus
abr. 16, 2025 10:46:03 AM liquibase.changelog
INFO: Custom SQL executed
abr. 16, 2025 10:46:03 AM liquibase.changelog
INFO: ChangeSet db/changelog/migrations/db.changelog-202504161033.sql::202504161033::wprotheus ran successfully in 26ms
Running Changeset: db/changelog/migrations/db.changelog-202504161034.sql::202504161034::wprotheus
abr. 16, 2025 10:46:03 AM liquibase.changelog
INFO: Custom SQL executed
abr. 16, 2025 10:46:03 AM liquibase.changelog
INFO: ChangeSet db/changelog/migrations/db.changelog-202504161034.sql::202504161034::wprotheus ran successfully in 12ms
Running Changeset: db/changelog/migrations/db.changelog-202504161035.sql::202504161035::wprotheus
abr. 16, 2025 10:46:03 AM liquibase.changelog
INFO: Custom SQL executed
abr. 16, 2025 10:46:03 AM liquibase.changelog
INFO: ChangeSet db/changelog/migrations/db.changelog-202504161035.sql::202504161035::wprotheus ran successfully in 13ms
Running Changeset: db/changelog/migrations/db.changelog-202504161036.sql::202504161036::wprotheus
abr. 16, 2025 10:46:03 AM liquibase.changelog
INFO: Custom SQL executed
abr. 16, 2025 10:46:03 AM liquibase.changelog
INFO: ChangeSet db/changelog/migrations/db.changelog-202504161036.sql::202504161036::wprotheus ran successfully in 17ms

UPDATE SUMMARY
Run:                          4
Previously run:               1
Filtered out:                 0
-------------------------------
Total change sets:            5

abr. 16, 2025 10:46:03 AM liquibase.util
INFO: UPDATE SUMMARY
abr. 16, 2025 10:46:03 AM liquibase.util
INFO: Run:                          4
abr. 16, 2025 10:46:03 AM liquibase.util
INFO: Previously run:               1
abr. 16, 2025 10:46:03 AM liquibase.util
INFO: Filtered out:                 0
abr. 16, 2025 10:46:03 AM liquibase.util
INFO: -------------------------------
abr. 16, 2025 10:46:03 AM liquibase.util
INFO: Total change sets:            5
abr. 16, 2025 10:46:03 AM liquibase.util
INFO: Update summary generated
abr. 16, 2025 10:46:03 AM liquibase.command
INFO: Update command completed successfully.
Liquibase: Update has been successful. Rows affected: 4
abr. 16, 2025 10:46:03 AM liquibase.lockservice
INFO: Successfully released change log lock
abr. 16, 2025 10:46:03 AM liquibase.command
INFO: Command execution complete
